{"total": {"lines":{"total":1511,"covered":1145,"skipped":0,"pct":75.77},"statements":{"total":1511,"covered":1145,"skipped":0,"pct":75.77},"functions":{"total":83,"covered":54,"skipped":0,"pct":65.06},"branches":{"total":227,"covered":189,"skipped":0,"pct":83.25},"branchesTrue":{"total":0,"covered":0,"skipped":0,"pct":100}}
,"/app/src/app/ProtectedRoute.test.tsx": {"lines":{"total":48,"covered":48,"skipped":0,"pct":100},"functions":{"total":2,"covered":2,"skipped":0,"pct":100},"statements":{"total":48,"covered":48,"skipped":0,"pct":100},"branches":{"total":7,"covered":7,"skipped":0,"pct":100}}
,"/app/src/app/ProtectedRoute.tsx": {"lines":{"total":11,"covered":9,"skipped":0,"pct":81.81},"functions":{"total":1,"covered":1,"skipped":0,"pct":100},"statements":{"total":11,"covered":9,"skipped":0,"pct":81.81},"branches":{"total":3,"covered":2,"skipped":0,"pct":66.66}}
,"/app/src/features/login/LoginPage.test.tsx": {"lines":{"total":66,"covered":66,"skipped":0,"pct":100},"functions":{"total":2,"covered":2,"skipped":0,"pct":100},"statements":{"total":66,"covered":66,"skipped":0,"pct":100},"branches":{"total":7,"covered":7,"skipped":0,"pct":100}}
,"/app/src/features/login/LoginPage.tsx": {"lines":{"total":67,"covered":67,"skipped":0,"pct":100},"functions":{"total":4,"covered":4,"skipped":0,"pct":100},"statements":{"total":67,"covered":67,"skipped":0,"pct":100},"branches":{"total":10,"covered":9,"skipped":0,"pct":90}}
,"/app/src/features/service-order/AssignmentPanel.test.tsx": {"lines":{"total":30,"covered":30,"skipped":0,"pct":100},"functions":{"total":1,"covered":1,"skipped":0,"pct":100},"statements":{"total":30,"covered":30,"skipped":0,"pct":100},"branches":{"total":3,"covered":3,"skipped":0,"pct":100}}
,"/app/src/features/service-order/AssignmentPanel.tsx": {"lines":{"total":92,"covered":61,"skipped":0,"pct":66.3},"functions":{"total":3,"covered":1,"skipped":0,"pct":33.33},"statements":{"total":92,"covered":61,"skipped":0,"pct":66.3},"branches":{"total":9,"covered":2,"skipped":0,"pct":22.22}}
,"/app/src/features/service-order/DeliveryLockPanels.test.tsx": {"lines":{"total":47,"covered":47,"skipped":0,"pct":100},"functions":{"total":2,"covered":2,"skipped":0,"pct":100},"statements":{"total":47,"covered":47,"skipped":0,"pct":100},"branches":{"total":9,"covered":9,"skipped":0,"pct":100}}
,"/app/src/features/service-order/DiagnosticPanel.tsx": {"lines":{"total":96,"covered":36,"skipped":0,"pct":37.5},"functions":{"total":4,"covered":1,"skipped":0,"pct":25},"statements":{"total":96,"covered":36,"skipped":0,"pct":37.5},"branches":{"total":13,"covered":9,"skipped":0,"pct":69.23}}
,"/app/src/features/service-order/InterventionPanel.tsx": {"lines":{"total":177,"covered":50,"skipped":0,"pct":28.24},"functions":{"total":7,"covered":1,"skipped":0,"pct":14.28},"statements":{"total":177,"covered":50,"skipped":0,"pct":28.24},"branches":{"total":5,"covered":4,"skipped":0,"pct":80}}
,"/app/src/features/service-order/ServiceOrderPage.test.tsx": {"lines":{"total":107,"covered":107,"skipped":0,"pct":100},"functions":{"total":4,"covered":4,"skipped":0,"pct":100},"statements":{"total":107,"covered":107,"skipped":0,"pct":100},"branches":{"total":13,"covered":13,"skipped":0,"pct":100}}
,"/app/src/features/service-order/ServiceOrderPage.tsx": {"lines":{"total":136,"covered":115,"skipped":0,"pct":84.55},"functions":{"total":5,"covered":1,"skipped":0,"pct":20},"statements":{"total":136,"covered":115,"skipped":0,"pct":84.55},"branches":{"total":13,"covered":12,"skipped":0,"pct":92.3}}
,"/app/src/features/warranty/WarrantyPage.test.tsx": {"lines":{"total":75,"covered":75,"skipped":0,"pct":100},"functions":{"total":3,"covered":3,"skipped":0,"pct":100},"statements":{"total":75,"covered":75,"skipped":0,"pct":100},"branches":{"total":8,"covered":8,"skipped":0,"pct":100}}
,"/app/src/features/warranty/WarrantyPage.tsx": {"lines":{"total":59,"covered":59,"skipped":0,"pct":100},"functions":{"total":2,"covered":1,"skipped":0,"pct":50},"statements":{"total":59,"covered":59,"skipped":0,"pct":100},"branches":{"total":5,"covered":5,"skipped":0,"pct":100}}
,"/app/src/services/api_client.test.ts": {"lines":{"total":45,"covered":45,"skipped":0,"pct":100},"functions":{"total":1,"covered":1,"skipped":0,"pct":100},"statements":{"total":45,"covered":45,"skipped":0,"pct":100},"branches":{"total":7,"covered":7,"skipped":0,"pct":100}}
,"/app/src/services/api_client.ts": {"lines":{"total":73,"covered":64,"skipped":0,"pct":87.67},"functions":{"total":5,"covered":5,"skipped":0,"pct":100},"statements":{"total":73,"covered":64,"skipped":0,"pct":87.67},"branches":{"total":32,"covered":26,"skipped":0,"pct":81.25}}
,"/app/src/services/service_order_service.ts": {"lines":{"total":78,"covered":19,"skipped":0,"pct":24.35},"functions":{"total":11,"covered":3,"skipped":0,"pct":27.27},"statements":{"total":78,"covered":19,"skipped":0,"pct":24.35},"branches":{"total":4,"covered":3,"skipped":0,"pct":75}}
,"/app/src/services/session_service.ts": {"lines":{"total":33,"covered":22,"skipped":0,"pct":66.66},"functions":{"total":4,"covered":3,"skipped":0,"pct":75},"statements":{"total":33,"covered":22,"skipped":0,"pct":66.66},"branches":{"total":9,"covered":6,"skipped":0,"pct":66.66}}
,"/app/src/services/technician_service.ts": {"lines":{"total":4,"covered":2,"skipped":0,"pct":50},"functions":{"total":1,"covered":0,"skipped":0,"pct":0},"statements":{"total":4,"covered":2,"skipped":0,"pct":50},"branches":{"total":0,"covered":0,"skipped":0,"pct":100}}
,"/app/src/services/vehicle_service.ts": {"lines":{"total":7,"covered":5,"skipped":0,"pct":71.42},"functions":{"total":2,"covered":1,"skipped":0,"pct":50},"statements":{"total":7,"covered":5,"skipped":0,"pct":71.42},"branches":{"total":1,"covered":1,"skipped":0,"pct":100}}
,"/app/src/services/warranty_service.ts": {"lines":{"total":17,"covered":6,"skipped":0,"pct":35.29},"functions":{"total":2,"covered":1,"skipped":0,"pct":50},"statements":{"total":17,"covered":6,"skipped":0,"pct":35.29},"branches":{"total":2,"covered":1,"skipped":0,"pct":50}}
,"/app/src/shared/DataState.tsx": {"lines":{"total":36,"covered":26,"skipped":0,"pct":72.22},"functions":{"total":3,"covered":3,"skipped":0,"pct":100},"statements":{"total":36,"covered":26,"skipped":0,"pct":72.22},"branches":{"total":15,"covered":12,"skipped":0,"pct":80}}
,"/app/src/shared/SessionContext.tsx": {"lines":{"total":34,"covered":30,"skipped":0,"pct":88.23},"functions":{"total":3,"covered":3,"skipped":0,"pct":100},"statements":{"total":34,"covered":30,"skipped":0,"pct":88.23},"branches":{"total":10,"covered":8,"skipped":0,"pct":80}}
,"/app/src/shared/StatusBadge.test.tsx": {"lines":{"total":43,"covered":43,"skipped":0,"pct":100},"functions":{"total":0,"covered":0,"skipped":0,"pct":100},"statements":{"total":43,"covered":43,"skipped":0,"pct":100},"branches":{"total":9,"covered":9,"skipped":0,"pct":100}}
,"/app/src/shared/StatusBadge.tsx": {"lines":{"total":17,"covered":17,"skipped":0,"pct":100},"functions":{"total":3,"covered":3,"skipped":0,"pct":100},"statements":{"total":17,"covered":17,"skipped":0,"pct":100},"branches":{"total":11,"covered":11,"skipped":0,"pct":100}}
,"/app/src/shared/format.ts": {"lines":{"total":76,"covered":66,"skipped":0,"pct":86.84},"functions":{"total":7,"covered":6,"skipped":0,"pct":85.71},"statements":{"total":76,"covered":66,"skipped":0,"pct":86.84},"branches":{"total":15,"covered":8,"skipped":0,"pct":53.33}}
,"/app/src/shared/useAsyncData.ts": {"lines":{"total":37,"covered":30,"skipped":0,"pct":81.08},"functions":{"total":1,"covered":1,"skipped":0,"pct":100},"statements":{"total":37,"covered":30,"skipped":0,"pct":81.08},"branches":{"total":7,"covered":7,"skipped":0,"pct":100}}
}
